<?xml version="1.0" encoding="UTF-8"?>
<!-- Generated by org.testng.reporters.JUnitReportReporter -->
<testsuite hostname="tm-6" name="Hrm.Login_Child" tests="2" failures="0" timestamp="23 Mar 2018 05:52:51 GMT" time="53.306" errors="0">
  <testcase name="TC01" time="16.602" classname="Hrm.Login_Child"/>
  <testcase name="TC02" time="36.704" classname="Hrm.Login_Child"/>
</testsuite> <!-- Hrm.Login_Child -->
