<?xml version="1.0" encoding="UTF-8"?>
<!-- Generated by org.testng.reporters.JUnitReportReporter -->
<testsuite hostname="tm-6" name="Hrm.Child" tests="1" failures="0" timestamp="23 Mar 2018 05:31:52 GMT" time="18.172" errors="0">
  <testcase name="TC01" time="18.172" classname="Hrm.Child"/>
</testsuite> <!-- Hrm.Child -->
