<?xml version="1.0" encoding="UTF-8"?>
<!-- Generated by org.testng.reporters.JUnitReportReporter -->
<testsuite hostname="tm-6" name="FailedTestCases.Testcase1" tests="1" failures="0" timestamp="27 Apr 2018 05:49:07 GMT" time="0.046" errors="0">
  <testcase name="fb" time="0.046" classname="FailedTestCases.Testcase1"/>
</testsuite> <!-- FailedTestCases.Testcase1 -->
