<?xml version="1.0" encoding="UTF-8"?>
<!-- Generated by org.testng.reporters.JUnitReportReporter -->
<testsuite hostname="tm-6" name="testing.Child" tests="3" failures="0" timestamp="23 Mar 2018 05:26:14 GMT" time="0.047" errors="0">
  <testcase name="Test" time="0.016" classname="testing.Child"/>
  <testcase name="TC02" time="0.015" classname="testing.Child"/>
  <testcase name="TC01" time="0.016" classname="testing.Child"/>
</testsuite> <!-- testing.Child -->
