<?xml version="1.0" encoding="UTF-8"?>
<!-- Generated by org.testng.reporters.JUnitReportReporter -->
<testsuite hostname="tm-6" name="FailedTestCases.Testcase2" tests="1" failures="0" timestamp="27 Apr 2018 05:50:13 GMT" time="0.000" errors="0">
  <testcase name="twitter" time="0.000" classname="FailedTestCases.Testcase2"/>
</testsuite> <!-- FailedTestCases.Testcase2 -->
